Flow report for SCOMP
Fri Jul 21 13:17:38 2023
Quartus Prime Version 19.1.0 Build 670 09/22/2019 SJ Lite Edition


---------------------
; Table of Contents ;
---------------------
  1. Legal Notice
  2. Flow Summary
  3. Flow Settings
  4. Flow Non-Default Global Settings
  5. Flow Elapsed Time
  6. Flow OS Summary
  7. Flow Log
  8. Flow Messages
  9. Flow Suppressed Messages



----------------
; Legal Notice ;
----------------
Copyright (C) 2019  Intel Corporation. All rights reserved.
Your use of Intel Corporation's design tools, logic functions 
and other software and tools, and any partner logic 
functions, and any output files from any of the foregoing 
(including device programming or simulation files), and any 
associated documentation or information are expressly subject 
to the terms and conditions of the Intel Program License 
Subscription Agreement, the Intel Quartus Prime License Agreement,
the Intel FPGA IP License Agreement, or other applicable license
agreement, including, without limitation, that your use is for
the sole purpose of programming logic devices manufactured by
Intel and sold by Intel or its authorized distributors.  Please
refer to the applicable agreement for further details, at
https://fpgasoftware.intel.com/eula.



+-------------------------------------------------------------------------------+
; Flow Summary                                                                  ;
+---------------------------------+---------------------------------------------+
; Flow Status                     ; Successful - Fri Jul 21 13:17:38 2023       ;
; Quartus Prime Version           ; 19.1.0 Build 670 09/22/2019 SJ Lite Edition ;
; Revision Name                   ; SCOMP                                       ;
; Top-level Entity Name           ; AudioMonitor                                ;
; Family                          ; Cyclone V                                   ;
; Device                          ; 5CSXFC6D6F31C6                              ;
; Timing Models                   ; Final                                       ;
; Logic utilization (in ALMs)     ; 1,180 / 41,910 ( 3 % )                      ;
; Total registers                 ; 103                                         ;
; Total pins                      ; 37 / 499 ( 7 % )                            ;
; Total virtual pins              ; 0                                           ;
; Total block memory bits         ; 0 / 5,662,720 ( 0 % )                       ;
; Total DSP Blocks                ; 0 / 112 ( 0 % )                             ;
; Total HSSI RX PCSs              ; 0 / 9 ( 0 % )                               ;
; Total HSSI PMA RX Deserializers ; 0 / 9 ( 0 % )                               ;
; Total HSSI TX PCSs              ; 0 / 9 ( 0 % )                               ;
; Total HSSI PMA TX Serializers   ; 0 / 9 ( 0 % )                               ;
; Total PLLs                      ; 0 / 15 ( 0 % )                              ;
; Total DLLs                      ; 0 / 4 ( 0 % )                               ;
+---------------------------------+---------------------------------------------+


+-----------------------------------------+
; Flow Settings                           ;
+-------------------+---------------------+
; Option            ; Setting             ;
+-------------------+---------------------+
; Start date & time ; 07/21/2023 13:12:47 ;
; Main task         ; Compilation         ;
; Revision Name     ; SCOMP               ;
+-------------------+---------------------+


+-------------------------------------------------------------------------------------------------------------------------------------------------+
; Flow Non-Default Global Settings                                                                                                                ;
+-------------------------------------+----------------------------------------+---------------+--------------+-----------------------------------+
; Assignment Name                     ; Value                                  ; Default Value ; Entity Name  ; Section Id                        ;
+-------------------------------------+----------------------------------------+---------------+--------------+-----------------------------------+
; ADVANCED_PHYSICAL_OPTIMIZATION      ; Off                                    ; On            ; --           ; --                                ;
; COMPILER_SIGNATURE_ID               ; 66640964262532.168995956727640         ; --            ; --           ; --                                ;
; EDA_GENERATE_FUNCTIONAL_NETLIST     ; Off                                    ; --            ; --           ; eda_board_design_timing           ;
; EDA_GENERATE_FUNCTIONAL_NETLIST     ; Off                                    ; --            ; --           ; eda_board_design_boundary_scan    ;
; EDA_GENERATE_FUNCTIONAL_NETLIST     ; Off                                    ; --            ; --           ; eda_board_design_signal_integrity ;
; EDA_GENERATE_FUNCTIONAL_NETLIST     ; Off                                    ; --            ; --           ; eda_board_design_symbol           ;
; EDA_OUTPUT_DATA_FORMAT              ; Verilog Hdl                            ; --            ; --           ; eda_simulation                    ;
; EDA_SIMULATION_TOOL                 ; ModelSim-Altera (Verilog)              ; <None>        ; --           ; --                                ;
; EDA_TIME_SCALE                      ; 1 ps                                   ; --            ; --           ; eda_simulation                    ;
; MAX_CORE_JUNCTION_TEMP              ; 85                                     ; --            ; --           ; --                                ;
; MIN_CORE_JUNCTION_TEMP              ; 0                                      ; --            ; --           ; --                                ;
; MISC_FILE                           ; PLL_main.cmp                           ; --            ; --           ; --                                ;
; MISC_FILE                           ; PLL_main_sim/PLL_main.vho              ; --            ; --           ; --                                ;
; MISC_FILE                           ; ADC_FIFO.bsf                           ; --            ; --           ; --                                ;
; MISC_FILE                           ; ADC_FIFO_inst.vhd                      ; --            ; --           ; --                                ;
; MISC_FILE                           ; ADC_FIFO.cmp                           ; --            ; --           ; --                                ;
; NUM_PARALLEL_PROCESSORS             ; All                                    ; --            ; --           ; --                                ;
; OUTPUT_IO_TIMING_FAR_END_VMEAS      ; Half Signal Swing                      ; --            ; --           ; --                                ;
; OUTPUT_IO_TIMING_FAR_END_VMEAS      ; Half Signal Swing                      ; --            ; --           ; --                                ;
; OUTPUT_IO_TIMING_NEAR_END_VMEAS     ; Half Vccio                             ; --            ; --           ; --                                ;
; OUTPUT_IO_TIMING_NEAR_END_VMEAS     ; Half Vccio                             ; --            ; --           ; --                                ;
; PARTITION_COLOR                     ; -- (Not supported for targeted family) ; --            ; AudioMonitor ; Top                               ;
; PARTITION_FITTER_PRESERVATION_LEVEL ; -- (Not supported for targeted family) ; --            ; AudioMonitor ; Top                               ;
; PARTITION_NETLIST_TYPE              ; -- (Not supported for targeted family) ; --            ; AudioMonitor ; Top                               ;
; POWER_BOARD_THERMAL_MODEL           ; None (CONSERVATIVE)                    ; --            ; --           ; --                                ;
; POWER_PRESET_COOLING_SOLUTION       ; 23 MM HEAT SINK WITH 200 LFPM AIRFLOW  ; --            ; --           ; --                                ;
; PROJECT_OUTPUT_DIRECTORY            ; output_files                           ; --            ; --           ; --                                ;
; SPD_FILE                            ; PLL_main.spd                           ; --            ; --           ; --                                ;
; SYNTHESIS_ONLY_QIP                  ; On                                     ; --            ; --           ; --                                ;
; TOP_LEVEL_ENTITY                    ; AudioMonitor                           ; SCOMP         ; --           ; --                                ;
+-------------------------------------+----------------------------------------+---------------+--------------+-----------------------------------+


+--------------------------------------------------------------------------------------------------------------------------+
; Flow Elapsed Time                                                                                                        ;
+----------------------+--------------+-------------------------+---------------------+------------------------------------+
; Module Name          ; Elapsed Time ; Average Processors Used ; Peak Virtual Memory ; Total CPU Time (on all processors) ;
+----------------------+--------------+-------------------------+---------------------+------------------------------------+
; Analysis & Synthesis ; 00:00:13     ; 1.0                     ; 4928 MB             ; 00:00:10                           ;
; Fitter               ; 00:00:52     ; 1.2                     ; 6626 MB             ; 00:00:44                           ;
; Assembler            ; 00:00:07     ; 1.0                     ; 4858 MB             ; 00:00:04                           ;
; Timing Analyzer      ; 00:00:07     ; 2.3                     ; 5203 MB             ; 00:00:07                           ;
; EDA Netlist Writer   ; 00:00:01     ; 1.0                     ; 4747 MB             ; 00:00:01                           ;
; EDA Netlist Writer   ; 00:00:02     ; 1.0                     ; 4736 MB             ; 00:00:00                           ;
; EDA Netlist Writer   ; 00:00:01     ; 1.0                     ; 4748 MB             ; 00:00:01                           ;
; EDA Netlist Writer   ; 00:00:01     ; 1.0                     ; 4736 MB             ; 00:00:01                           ;
; EDA Netlist Writer   ; 00:00:01     ; 1.0                     ; 4748 MB             ; 00:00:01                           ;
; Total                ; 00:01:25     ; --                      ; --                  ; 00:01:09                           ;
+----------------------+--------------+-------------------------+---------------------+------------------------------------+


+------------------------------------------------------------------------------------+
; Flow OS Summary                                                                    ;
+----------------------+------------------+------------+------------+----------------+
; Module Name          ; Machine Hostname ; OS Name    ; OS Version ; Processor type ;
+----------------------+------------------+------------+------------+----------------+
; Analysis & Synthesis ; DESKTOP-3DVQHBN  ; Windows 10 ; 10.0       ; x86_64         ;
; Fitter               ; DESKTOP-3DVQHBN  ; Windows 10 ; 10.0       ; x86_64         ;
; Assembler            ; DESKTOP-3DVQHBN  ; Windows 10 ; 10.0       ; x86_64         ;
; Timing Analyzer      ; DESKTOP-3DVQHBN  ; Windows 10 ; 10.0       ; x86_64         ;
; EDA Netlist Writer   ; DESKTOP-3DVQHBN  ; Windows 10 ; 10.0       ; x86_64         ;
; EDA Netlist Writer   ; DESKTOP-3DVQHBN  ; Windows 10 ; 10.0       ; x86_64         ;
; EDA Netlist Writer   ; DESKTOP-3DVQHBN  ; Windows 10 ; 10.0       ; x86_64         ;
; EDA Netlist Writer   ; DESKTOP-3DVQHBN  ; Windows 10 ; 10.0       ; x86_64         ;
; EDA Netlist Writer   ; DESKTOP-3DVQHBN  ; Windows 10 ; 10.0       ; x86_64         ;
+----------------------+------------------+------------+------------+----------------+


------------
; Flow Log ;
------------
quartus_map --read_settings_files=on --write_settings_files=off SCOMP -c SCOMP
quartus_fit --read_settings_files=off --write_settings_files=off SCOMP -c SCOMP
quartus_asm --read_settings_files=off --write_settings_files=off SCOMP -c SCOMP
quartus_sta SCOMP -c SCOMP
quartus_eda --read_settings_files=off --write_settings_files=off SCOMP -c SCOMP
quartus_eda --gen_testbench --tool=modelsim_oem --format=vhdl --write_settings_files=off SCOMP -c SCOMP --vector_source="C:/Users/Yuanning Liu/OneDrive - Georgia Institute of Technology/Desktop/sub ahoy/GT/2023 Summer/ECE2031Labs/project_updated_audioMonitor/Waveform.vwf" --testbench_file="C:/Users/Yuanning Liu/OneDrive - Georgia Institute of Technology/Desktop/sub ahoy/GT/2023 Summer/ECE2031Labs/project_updated_audioMonitor/simulation/qsim/Waveform.vwf.vht"
quartus_eda --write_settings_files=off --simulation=on --functional=on --flatten_buses=off --tool=modelsim_oem --format=vhdl --output_directory="C:/Users/Yuanning Liu/OneDrive - Georgia Institute of Technology/Desktop/sub ahoy/GT/2023 Summer/ECE2031Labs/project_updated_audioMonitor/simulation/qsim/" SCOMP -c SCOMP
quartus_eda --gen_testbench --tool=modelsim_oem --format=vhdl --write_settings_files=off SCOMP -c SCOMP --vector_source="C:/Users/Yuanning Liu/OneDrive - Georgia Institute of Technology/Desktop/sub ahoy/GT/2023 Summer/ECE2031Labs/project_updated_audioMonitor/Waveform.vwf" --testbench_file="C:/Users/Yuanning Liu/OneDrive - Georgia Institute of Technology/Desktop/sub ahoy/GT/2023 Summer/ECE2031Labs/project_updated_audioMonitor/simulation/qsim/Waveform.vwf.vht"
quartus_eda --write_settings_files=off --simulation=on --functional=on --flatten_buses=off --tool=modelsim_oem --format=vhdl --output_directory="C:/Users/Yuanning Liu/OneDrive - Georgia Institute of Technology/Desktop/sub ahoy/GT/2023 Summer/ECE2031Labs/project_updated_audioMonitor/simulation/qsim/" SCOMP -c SCOMP



